objc[6120]: Class VCWeakObjectHolder is implemented in both /Applications/Xcode.app/Contents/Developer/Platforms/iPhoneSimulator.platform/Developer/SDKs/iPhoneSimulator.sdk/System/Library/PrivateFrameworks/GameKitServices.framework/Frameworks/ViceroyTrace.framework/ViceroyTrace (0x12543eca8) and /Applications/Xcode.app/Contents/Developer/Platforms/iPhoneSimulator.platform/Developer/SDKs/iPhoneSimulator.sdk/System/Library/PrivateFrameworks/GameKitServices.framework/Frameworks/AVConference.framework/AVConference (0x125370cd0). One of the two will be used. Which one is undefined.
objc[6120]: Class PLBuildVersion is implemented in both /Applications/Xcode.app/Contents/Developer/Platforms/iPhoneSimulator.platform/Developer/SDKs/iPhoneSimulator.sdk/System/Library/PrivateFrameworks/AssetsLibraryServices.framework/AssetsLibraryServices (0x1230c3cc0) and /Applications/Xcode.app/Contents/Developer/Platforms/iPhoneSimulator.platform/Developer/SDKs/iPhoneSimulator.sdk/System/Library/PrivateFrameworks/PhotoLibraryServices.framework/PhotoLibraryServices (0x122eda6f0). One of the two will be used. Which one is undefined.
2017-05-08 14:58:30.796 MobFoxDemoXM.iOS[6120:84760] App Transport Security has blocked a cleartext HTTP (http://) resource load since it is insecure. Temporary exceptions can be configured via your app's Info.plist file.
2017-05-08 14:58:30.802 MobFoxDemoXM.iOS[6120:84676] MobFox >> waterfalls>> inner waterfall error,The resource could not be loaded because the App Transport Security policy requires the use of a secure connection.
2017-05-08 14:58:30.818 MobFoxDemoXM.iOS[6120:84220] This app has attempted to access privacy-sensitive data without a usage description. The app's Info.plist must contain an NSLocationWhenInUseUsageDescription key with a string value explaining to the user how the app uses this data
2017-05-08 14:58:31.334 MobFoxDemoXM.iOS[6120:84220] MobFoxAd --- loadAd
2017-05-08 14:58:31.723 MobFoxDemoXM.iOS[6120:84220] -- ready --
2017-05-08 14:58:31.724 MobFoxDemoXM.iOS[6120:84220] _loadAd
2017-05-08 14:58:31.725 MobFoxDemoXM.iOS[6120:84220] MobFox Ad Request >>> : {
    adFormat = banner;
    "adspace_height" = 50;
    "adspace_strict" = 0;
    "adspace_width" = 320;
    autoplay = true;
    "banner_pos" = 3;
    "hide_mute" = true;
    "no_markup" = false;
    "o_iosadvid" = "167E0473-3D1B-48D5-8A01-F1825B299B13";
    rt = "iphone_app";
    s = fe96717d9875b9da4339ea5367eff1ec;
    secure = true;
    skip = "";
    "sub_bundle_id" = "com.mobfox.-";
    type = waterfall;
    v = "Core_3.1.6_static_core";
}
2017-05-08 14:58:33.657 MobFoxDemoXM.iOS[6120:84220] MobFox ad response: {
    ad =     {
        encoded = 1;
        options =         {
            enforceSize = 0;
            skip = 0;
        };
        params =         {
            "adspace_height" = 50;
            "adspace_strict" = 0;
            "adspace_width" = 320;
            "banner_pos" = 3;
            "c_customevents" = 1;
            "c_mraid" = 2;
            "dev_js" = 1;
            "imp_secure" = 1;
            m = live;
            "no_markup" = false;
            "o_iosadvid" = "167E0473-3D1B-48D5-8A01-F1825B299B13";
            "r_type" = banner;
            rt = "iphone_app";
            s = fe96717d9875b9da4339ea5367eff1ec;
            "sub_bundle_id" = "com.mobfox.-";
            u = "Mozilla/5.0 (iPhone; CPU iPhone OS 10_3 like Mac OS X) AppleWebKit/603.1.30 (KHTML, like Gecko) Mobile/14E269";
            v = "Core_3.1.6_static_core";
        };
        request =         {
            "_type" = textAd;
            clicktype = safari;
            clickurl =             {
                "__cdata" = "http://tokyo-my.mobfox.com/exchange.click.php?h=4ae4c1ac745cb18f6a644460d7d93ed6";
            };
            htmlString =             {
                "__cdata" = "PGJvZHkgc3R5bGU9InRleHQtYWxpZ246Y2VudGVyO21hcmdpbjowO3BhZGRpbmc6MDsiPjxhIGhyZWY9Imh0dHA6Ly90b2t5by1teS5tb2Jmb3guY29tL2V4Y2hhbmdlLmNsaWNrLnBocD9oPTRhZTRjMWFjNzQ1Y2IxOGY2YTY0NDQ2MGQ3ZDkzZWQ2IiB0YXJnZXQ9Il9ibGFuayI+PGltZyBzcmM9Imh0dHBzOi8vY3JlYXRpdmUyY2RuLm1vYmZveC5jb20vZThlOTE1ZjMyYmE5NWQzYmYzNjhhMzk3YTIzNDg3NWYuZ2lmIiBib3JkZXI9IjAiLz48L2E+PGJyPjxpbWcgc3R5bGU9InBvc2l0aW9uOmFic29sdXRlOyBsZWZ0OiAtMTAwMDBweDsiIHdpZHRoPSIxIiBoZWlnaHQ9IjEiIHNyYz0iaHR0cHM6Ly90b2t5by1teS5tb2Jmb3guY29tL2V4Y2hhbmdlLnBpeGVsLnBocD9oPTRhZTRjMWFjNzQ1Y2IxOGY2YTY0NDQ2MGQ3ZDkzZWQ2Ii8+PHNjcmlwdCB0eXBlPSJ0ZXh0L2phdmFzY3JpcHQiPmRvY3VtZW50LndyaXRlKCc8aW1nIHN0eWxlPSJwb3NpdGlvbjphYnNvbHV0ZTsgbGVmdDogLTEwMDAwcHg7IiB3aWR0aD0iMSIgaGVpZ2h0PSIxIiBzcmM9Imh0dHBzOi8vdG9reW8tbXkubW9iZm94LmNvbS9leGNoYW5nZS5waXhlbC5waHA/aD00YWU0YzFhYzc0NWNiMThmNmE2NDQ0NjBkN2Q5M2VkNiZ0ZXN0PTEiLz4nKTs8L3NjcmlwdD48L2JvZHk+";
            };
            refresh = 30;
            scale = no;
            skippreflight = yes;
            urltype = link;
        };
    };
    cpm = 50;
    customEvents =     (
    );
    requestID =     {
        "__cdata" = "http://tokyo-my.mobfox.com/exchange.click.php?h=4ae4c1ac745cb18f6a644460d7d93ed6";
    };
    type = banner;
}
2017-05-08 14:58:33.658 MobFoxDemoXM.iOS[6120:84220] requestID_dict: {
    "__cdata" = "http://tokyo-my.mobfox.com/exchange.click.php?h=4ae4c1ac745cb18f6a644460d7d93ed6";
}
2017-05-08 14:58:33.658 MobFoxDemoXM.iOS[6120:84220] _requestID: http://tokyo-my.mobfox.com/exchange.click.php?h=4ae4c1ac745cb18f6a644460d7d93ed6
2017-05-08 14:58:33.658 MobFoxDemoXM.iOS[6120:84220] -- loadCustomEvent --
2017-05-08 14:58:38.868 MobFoxDemoXM.iOS[6120:84220] 
Unhandled Exception:
System.ArgumentNullException: Value cannot be null.
Parameter name: root
  at MobFoxSDKCore.MobFoxInterstitialAd..ctor (System.String invh, UIKit.UIViewController root) [0x00022] in <c94970fba34d48b6aaee0b12612b75a6>:0 
  at Plugin.MobFoxAds.MobFoxAdsImplementation.CreateInterstitial (System.String hash) [0x00017] in <ffad89857cc84b768b23370f13f9745a>:0 
  at MobFoxDemoXM.MobFoxDemoXMPage.OnCreateInterstitial (System.Object sender, System.EventArgs e) [0x0000c] in <1b79b425359044a99427d85debafb032>:0 
  at Xamarin.Forms.Button.Xamarin.Forms.IButtonController.SendClicked () [0x00020] in <051840eae40a4636884ee6bc6a0d140a>:0 
  at Xamarin.Forms.Platform.iOS.ButtonRenderer.OnButtonTouchUpInside (System.Object sender, System.EventArgs eventArgs) [0x0000a] in <4cf9e9e173a04ea3aa841c775e6a23d7>:0 
  at UIKit.UIControlEventProxy.Activated () [0x00007] in <4692b8633c404c758160904e5dff77ed>:0 
--- End of stack trace from previous location where exception was thrown ---
  at (wrapper managed-to-native) UIKit.UIApplication:UIApplicationMain (int,string[],intptr,intptr)
  at UIKit.UIApplication.Main (System.String[] args, System.IntPtr principal, System.IntPtr delegate) [0x00005] in <4692b8633c404c758160904e5dff77ed>:0 
  at UIKit.UIApplication.Main (System.String[] args, System.String principalClassName, System.String delegateClassName) [0x00038] in <4692b8633c404c758160904e5dff77ed>:0 
  at MobFoxDemoXM.iOS.Application.Main (System.String[] args) [0x00000] in <d6cbf25f40dc435887f45dbb8a0e768f>:0 
2017-05-08 14:58:38.869 MobFoxDemoXM.iOS[6120:84220] Unhandled managed exception:
Value cannot be null.
Parameter name: root (System.ArgumentNullException)
  at MobFoxSDKCore.MobFoxInterstitialAd..ctor (System.String invh, UIKit.UIViewController root) [0x00022] in <c94970fba34d48b6aaee0b12612b75a6>:0 
  at Plugin.MobFoxAds.MobFoxAdsImplementation.CreateInterstitial (System.String hash) [0x00017] in <ffad89857cc84b768b23370f13f9745a>:0 
  at MobFoxDemoXM.MobFoxDemoXMPage.OnCreateInterstitial (System.Object sender, System.EventArgs e) [0x0000c] in <1b79b425359044a99427d85debafb032>:0 
  at Xamarin.Forms.Button.Xamarin.Forms.IButtonController.SendClicked () [0x00020] in <051840eae40a4636884ee6bc6a0d140a>:0 
  at Xamarin.Forms.Platform.iOS.ButtonRenderer.OnButtonTouchUpInside (System.Object sender, System.EventArgs eventArgs) [0x0000a] in <4cf9e9e173a04ea3aa841c775e6a23d7>:0 
  at UIKit.UIControlEventProxy.Activated () [0x00007] in <4692b8633c404c758160904e5dff77ed>:0 
--- End of stack trace from previous location where exception was thrown ---
  at (wrapper managed-to-native) UIKit.UIApplication:UIApplicationMain (int,string[],intptr,intptr)
  at UIKit.UIApplication.Main (System.String[] args, System.IntPtr principal, System.IntPtr delegate) [0x00005] in <4692b8633c404c758160904e5dff77ed>:0 
  at UIKit.UIApplication.Main (System.String[] args, System.String principalClassName, System.String delegateClassName) [0x00038] in <4692b8633c404c758160904e5dff77ed>:0 
  at MobFoxDemoXM.iOS.Application.Main (System.String[] args) [0x00000] in <d6cbf25f40dc435887f45dbb8a0e768f>:0 
2017-05-08 14:58:38.870 MobFoxDemoXM.iOS[6120:84220] critical: Stacktrace:

2017-05-08 14:58:38.870 MobFoxDemoXM.iOS[6120:84220] critical: 
Native stacktrace:

2017-05-08 14:58:38.906 MobFoxDemoXM.iOS[6120:84220] critical: 	0   MobFoxDemoXM.iOS                    0x000000010c1b147d mono_handle_native_sigsegv + 253
2017-05-08 14:58:38.907 MobFoxDemoXM.iOS[6120:84220] critical: 	1   libsystem_platform.dylib            0x0000000118e7ab3a _sigtramp + 26
2017-05-08 14:58:38.907 MobFoxDemoXM.iOS[6120:84220] critical: 	2   libsystem_pthread.dylib             0x0000000118e982c8 _pthread_keys + 9720
2017-05-08 14:58:38.907 MobFoxDemoXM.iOS[6120:84220] critical: 	3   libsystem_c.dylib                   0x0000000118be988f abort + 127
2017-05-08 14:58:38.908 MobFoxDemoXM.iOS[6120:84220] critical: 	4   MobFoxDemoXM.iOS                    0x000000010c32db22 xamarin_unhandled_exception_handler + 34
2017-05-08 14:58:38.908 MobFoxDemoXM.iOS[6120:84220] critical: 	5   MobFoxDemoXM.iOS                    0x000000010c20b0c4 mono_invoke_unhandled_exception_hook + 148
2017-05-08 14:58:38.908 MobFoxDemoXM.iOS[6120:84220] critical: 	6   MobFoxDemoXM.iOS                    0x000000010c1b11e2 mono_handle_exception_internal + 4626
2017-05-08 14:58:38.909 MobFoxDemoXM.iOS[6120:84220] critical: 	7   MobFoxDemoXM.iOS                    0x000000010c1affc8 mono_handle_exception + 24
2017-05-08 14:58:38.909 MobFoxDemoXM.iOS[6120:84220] critical: 	8   MobFoxDemoXM.iOS                    0x000000010c12d34f mono_amd64_throw_exception + 143
2017-05-08 14:58:38.909 MobFoxDemoXM.iOS[6120:84220] critical: 	9   ???                                 0x000000012ae4a9e7 0x0 + 5014596071
2017-05-08 14:58:38.909 MobFoxDemoXM.iOS[6120:84220] critical: 	10  MobFoxDemoXM.iOS                    0x000000010c338b3c _ZL31native_to_managed_trampoline_11P11objc_objectP13objc_selectorPP11_MonoMethodj + 284
2017-05-08 14:58:38.910 MobFoxDemoXM.iOS[6120:84220] critical: 	11  MobFoxDemoXM.iOS                    0x000000010c342e74 -[UIKit_UIControlEventProxy BridgeSelector] + 52
2017-05-08 14:58:38.910 MobFoxDemoXM.iOS[6120:84220] critical: 	12  UIKit                               0x000000010d546d22 -[UIApplication sendAction:to:from:forEvent:] + 83
2017-05-08 14:58:38.910 MobFoxDemoXM.iOS[6120:84220] critical: 	13  UIKit                               0x000000010d6cb25c -[UIControl sendAction:to:forEvent:] + 67
2017-05-08 14:58:38.910 MobFoxDemoXM.iOS[6120:84220] critical: 	14  UIKit                               0x000000010d6cb577 -[UIControl _sendActionsForEvents:withEvent:] + 450
2017-05-08 14:58:38.911 MobFoxDemoXM.iOS[6120:84220] critical: 	15  UIKit                               0x000000010d6ca4b2 -[UIControl touchesEnded:withEvent:] + 618
2017-05-08 14:58:38.911 MobFoxDemoXM.iOS[6120:84220] critical: 	16  UIKit                               0x000000010d5b449a -[UIWindow _sendTouchesForEvent:] + 2707
2017-05-08 14:58:38.911 MobFoxDemoXM.iOS[6120:84220] critical: 	17  UIKit                               0x000000010d5b5bb0 -[UIWindow sendEvent:] + 4114
2017-05-08 14:58:38.911 MobFoxDemoXM.iOS[6120:84220] critical: 	18  UIKit                               0x000000010d5627b0 -[UIApplication sendEvent:] + 352
2017-05-08 14:58:38.912 MobFoxDemoXM.iOS[6120:84220] critical: 	19  UIKit                               0x000000010dd45adc __dispatchPreprocessedEventFromEventQueue + 2926
2017-05-08 14:58:38.912 MobFoxDemoXM.iOS[6120:84220] critical: 	20  UIKit                               0x000000010dd3da3a __handleEventQueue + 1122
2017-05-08 14:58:38.912 MobFoxDemoXM.iOS[6120:84220] critical: 	21  CoreFoundation                      0x0000000117752c01 __CFRUNLOOP_IS_CALLING_OUT_TO_A_SOURCE0_PERFORM_FUNCTION__ + 17
2017-05-08 14:58:38.912 MobFoxDemoXM.iOS[6120:84220] critical: 	22  CoreFoundation                      0x00000001177380cf __CFRunLoopDoSources0 + 527
2017-05-08 14:58:38.912 MobFoxDemoXM.iOS[6120:84220] critical: 	23  CoreFoundation                      0x00000001177375ff __CFRunLoopRun + 911
2017-05-08 14:58:38.913 MobFoxDemoXM.iOS[6120:84220] critical: 	24  CoreFoundation                      0x0000000117737016 CFRunLoopRunSpecific + 406
2017-05-08 14:58:38.913 MobFoxDemoXM.iOS[6120:84220] critical: 	25  GraphicsServices                    0x00000001183b8a24 GSEventRunModal + 62
2017-05-08 14:58:38.913 MobFoxDemoXM.iOS[6120:84220] critical: 	26  UIKit                               0x000000010d5450d4 UIApplicationMain + 159
2017-05-08 14:58:38.913 MobFoxDemoXM.iOS[6120:84220] critical: 	27  ???                                 0x000000012d1e4595 0x0 + 5051925909
2017-05-08 14:58:38.913 MobFoxDemoXM.iOS[6120:84220] critical: 	28  ???                                 0x000000012d1e4400 0x0 + 5051925504
2017-05-08 14:58:38.914 MobFoxDemoXM.iOS[6120:84220] critical: 
=================================================================
Got a SIGABRT while executing native code. This usually indicates
a fatal error in the mono runtime or one of the native libraries 
used by your application.
=================================================================

